<?xml version="1.0" encoding="UTF-8"?>
<!-- Generated by org.testng.reporters.JUnitXMLReporter -->
<testsuite hostname="DESKTOP-ECSMUSF" ignored="0" name="Test" tests="4" failures="2" timestamp="30 七月 2019 08:41:02 GMT" time="84.204" errors="0">
  <testcase name="BankPayment" time="0.453" classname="xClubsys.BankPayment"/>
  <testcase name="Reminder" time="0.033" classname="xClubsys.Reminder">
    <failure type="org.openqa.selenium.NoSuchElementException" message="no such element: Unable to locate element: {&amp;quot;method&amp;quot;:&amp;quot;xpath&amp;quot;,&amp;quot;selector&amp;quot;:&amp;quot;(.//*[normalize-space(text()) and normalize-space(.)=&amp;apos;Membership&amp;apos;])[1]/following::h2[1]&amp;quot;}
  (Session info: chrome=75.0.3770.142)
For documentation on this error, please visit: https://www.seleniumhq.org/exceptions/no_such_element.html
Build info: version: &amp;apos;3.141.59&amp;apos;, revision: &amp;apos;e82be7d358&amp;apos;, time: &amp;apos;2018-11-14T08:17:03&amp;apos;
System info: host: &amp;apos;DESKTOP-ECSMUSF&amp;apos;, ip: &amp;apos;192.168.10.171&amp;apos;, os.name: &amp;apos;Windows 10&amp;apos;, os.arch: &amp;apos;amd64&amp;apos;, os.version: &amp;apos;10.0&amp;apos;, java.version: &amp;apos;1.8.0_221&amp;apos;
Driver info: org.openqa.selenium.chrome.ChromeDriver
Capabilities {acceptInsecureCerts: false, browserName: chrome, browserVersion: 75.0.3770.142, chrome: {chromedriverVersion: 75.0.3770.90 (a6dcaf7e3ec6f..., userDataDir: C:\Users\K2User\AppData\Loc...}, goog:chromeOptions: {debuggerAddress: localhost:54729}, javascriptEnabled: true, networkConnectionEnabled: false, pageLoadStrategy: normal, platform: XP, platformName: XP, proxy: Proxy(), setWindowRect: true, strictFileInteractability: false, timeouts: {implicit: 0, pageLoad: 300000, script: 30000}, unhandledPromptBehavior: dismiss and notify}
Session ID: db6a44c78deb4de85e48dc9d9fba274d
*** Element info: {Using=xpath, value=(.//*[normalize-space(text()) and normalize-space(.)=&amp;apos;Membership&amp;apos;])[1]/following::h2[1]}">
      <![CDATA[org.openqa.selenium.NoSuchElementException: no such element: Unable to locate element: {"method":"xpath","selector":"(.//*[normalize-space(text()) and normalize-space(.)='Membership'])[1]/following::h2[1]"}
  (Session info: chrome=75.0.3770.142)
For documentation on this error, please visit: https://www.seleniumhq.org/exceptions/no_such_element.html
Build info: version: '3.141.59', revision: 'e82be7d358', time: '2018-11-14T08:17:03'
System info: host: 'DESKTOP-ECSMUSF', ip: '192.168.10.171', os.name: 'Windows 10', os.arch: 'amd64', os.version: '10.0', java.version: '1.8.0_221'
Driver info: org.openqa.selenium.chrome.ChromeDriver
Capabilities {acceptInsecureCerts: false, browserName: chrome, browserVersion: 75.0.3770.142, chrome: {chromedriverVersion: 75.0.3770.90 (a6dcaf7e3ec6f..., userDataDir: C:\Users\K2User\AppData\Loc...}, goog:chromeOptions: {debuggerAddress: localhost:54729}, javascriptEnabled: true, networkConnectionEnabled: false, pageLoadStrategy: normal, platform: XP, platformName: XP, proxy: Proxy(), setWindowRect: true, strictFileInteractability: false, timeouts: {implicit: 0, pageLoad: 300000, script: 30000}, unhandledPromptBehavior: dismiss and notify}
Session ID: db6a44c78deb4de85e48dc9d9fba274d
*** Element info: {Using=xpath, value=(.//*[normalize-space(text()) and normalize-space(.)='Membership'])[1]/following::h2[1]}
at org.openqa.selenium.remote.http.W3CHttpResponseCodec.createException(W3CHttpResponseCodec.java:187)
at org.openqa.selenium.remote.http.W3CHttpResponseCodec.decode(W3CHttpResponseCodec.java:122)
at org.openqa.selenium.remote.http.W3CHttpResponseCodec.decode(W3CHttpResponseCodec.java:49)
at org.openqa.selenium.remote.HttpCommandExecutor.execute(HttpCommandExecutor.java:158)
at org.openqa.selenium.remote.service.DriverCommandExecutor.execute(DriverCommandExecutor.java:83)
at org.openqa.selenium.remote.RemoteWebDriver.execute(RemoteWebDriver.java:552)
at org.openqa.selenium.remote.RemoteWebDriver.findElement(RemoteWebDriver.java:323)
at org.openqa.selenium.remote.RemoteWebDriver.findElementByXPath(RemoteWebDriver.java:428)
at org.openqa.selenium.By$ByXPath.findElement(By.java:353)
at org.openqa.selenium.remote.RemoteWebDriver.findElement(RemoteWebDriver.java:315)
at xClubsys.Reminder.Reminder(Reminder.java:46)
... Removed 33 stack frames]]>
    </failure>
  </testcase> <!-- Reminder -->
  <testcase name="RefundableDeposit" time="0.141" classname="xClubsys.RefundableDeposit"/>
  <testcase name="RefundableDeposit_AdjustmentRefundableDeposit" time="0.025" classname="xClubsys.RefundableDeposit">
    <failure type="java.lang.AssertionError" message="expected [Refundable Deposit History List] but found [Adjustment Refundable Deposit]">
      <![CDATA[java.lang.AssertionError: expected [Refundable Deposit History List] but found [Adjustment Refundable Deposit]
at xClubsys.RefundableDeposit.RefundableDeposit_AdjustmentRefundableDeposit(RefundableDeposit.java:57)
... Removed 35 stack frames]]>
    </failure>
  </testcase> <!-- RefundableDeposit_AdjustmentRefundableDeposit -->
</testsuite> <!-- Test -->
