{"uuid":"859995e4-6740-4039-bc43-186c7b93a520","name":"xClubsys.MembershipAR","children":["aed96a20-4fa0-410e-8020-d754dca03a42","c4d2d1c0-ea58-43ad-9547-972867e9bc79","473eb22b-1624-417f-87f3-0ec75cddf12b","16913b9a-c499-4868-9014-bc92d27f958e","e69c8b96-497e-4b4a-aaab-e06f160ea478","cae202ee-1710-48bb-b3c6-9d85d11f2e9a","a67c704d-06be-4626-9830-1d459e352517","e5ea779c-6827-45f7-8553-596f21e27476","bbd5a987-0906-44a7-bf36-f25d3d92fc71","ae404ccc-fc5d-4a48-8a32-385378bbd360","45d9a737-14be-4f82-9358-4f6f06e852a8","fd260ce2-555f-4443-831b-495bad251360","97c00739-5e64-4bb9-927b-7f0d0adb1443","abaf9c9e-5c74-4c8f-a664-9170b8a157ea","b26cb150-cdeb-4dd3-94e1-1c464741a369","b9b7e17f-d1b2-415c-8893-06535b89ec76","a3e3356f-8df5-4da9-82b1-5e5153860e0a","7b119f27-cf91-43c1-ace1-2e2061764850","9b920988-0140-4066-846e-f43a5dcaf21d"],"befores":[{"name":"setUp","status":"passed","stage":"finished","description":"","steps":[],"attachments":[],"parameters":[],"start":1563447736467,"stop":1563447764554}],"afters":[{"name":"tearDown","status":"failed","statusDetails":{"known":false,"muted":false,"flaky":false,"message":"java.lang.AssertionError: expected [Debit Note List] but found [Bank Payment]java.lang.AssertionError: expected [ALL] but found [CREDIT CARD]java.lang.AssertionError: expected [DRAFT] but found [GIRO]java.lang.AssertionError: expected [Debit Note List] but found [Credit Card Return]java.lang.AssertionError: expected [Credit Note List] but found [Import your debit notes]java.lang.AssertionError: expected [Credit Note List] but found [New Debit Note]java.lang.AssertionError: expected [Instalment List] but found [Member Penalty Fee]java.lang.AssertionError: expected [Instalment List] but found [Member Subscription Fee List]java.lang.AssertionError: expected [Member Subscription Fee List] but found [Posting GL History]java.lang.AssertionError: expected [Create Refund Transaction] but found [Adjustment Refundable Deposit]java.lang.AssertionError: expected [Create Refund Transaction] but found [New Repeating Debit Note]java.lang.AssertionError: expected [Create Refund Transaction] but found [New Credit Note]","trace":"java.lang.AssertionError: java.lang.AssertionError: expected [Debit Note List] but found [Bank Payment]java.lang.AssertionError: expected [ALL] but found [CREDIT CARD]java.lang.AssertionError: expected [DRAFT] but found [GIRO]java.lang.AssertionError: expected [Debit Note List] but found [Credit Card Return]java.lang.AssertionError: expected [Credit Note List] but found [Import your debit notes]java.lang.AssertionError: expected [Credit Note List] but found [New Debit Note]java.lang.AssertionError: expected [Instalment List] but found [Member Penalty Fee]java.lang.AssertionError: expected [Instalment List] but found [Member Subscription Fee List]java.lang.AssertionError: expected [Member Subscription Fee List] but found [Posting GL History]java.lang.AssertionError: expected [Create Refund Transaction] but found [Adjustment Refundable Deposit]java.lang.AssertionError: expected [Create Refund Transaction] but found [New Repeating Debit Note]java.lang.AssertionError: expected [Create Refund Transaction] but found [New Credit Note]\r\n\tat org.testng.Assert.fail(Assert.java:96)\r\n\tat xClubsys.MembershipAR.tearDown(MembershipAR.java:3773)\r\n\tat java.base/jdk.internal.reflect.NativeMethodAccessorImpl.invoke0(Native Method)\r\n\tat java.base/jdk.internal.reflect.NativeMethodAccessorImpl.invoke(NativeMethodAccessorImpl.java:62)\r\n\tat java.base/jdk.internal.reflect.DelegatingMethodAccessorImpl.invoke(DelegatingMethodAccessorImpl.java:43)\r\n\tat java.base/java.lang.reflect.Method.invoke(Method.java:566)\r\n\tat org.testng.internal.MethodInvocationHelper.invokeMethod(MethodInvocationHelper.java:124)\r\n\tat org.testng.internal.MethodInvocationHelper.invokeMethodConsideringTimeout(MethodInvocationHelper.java:59)\r\n\tat org.testng.internal.Invoker.invokeConfigurationMethod(Invoker.java:458)\r\n\tat org.testng.internal.Invoker.invokeConfigurations(Invoker.java:222)\r\n\tat org.testng.internal.Invoker.invokeConfigurations(Invoker.java:142)\r\n\tat org.testng.internal.TestMethodWorker.invokeAfterClassMethods(TestMethodWorker.java:214)\r\n\tat org.testng.internal.TestMethodWorker.run(TestMethodWorker.java:111)\r\n\tat org.testng.TestRunner.privateRun(TestRunner.java:648)\r\n\tat org.testng.TestRunner.run(TestRunner.java:505)\r\n\tat org.testng.SuiteRunner.runTest(SuiteRunner.java:455)\r\n\tat org.testng.SuiteRunner.runSequentially(SuiteRunner.java:450)\r\n\tat org.testng.SuiteRunner.privateRun(SuiteRunner.java:415)\r\n\tat org.testng.SuiteRunner.run(SuiteRunner.java:364)\r\n\tat org.testng.SuiteRunnerWorker.runSuite(SuiteRunnerWorker.java:52)\r\n\tat org.testng.SuiteRunnerWorker.run(SuiteRunnerWorker.java:84)\r\n\tat org.testng.TestNG.runSuitesSequentially(TestNG.java:1208)\r\n\tat org.testng.TestNG.runSuitesLocally(TestNG.java:1137)\r\n\tat org.testng.TestNG.runSuites(TestNG.java:1049)\r\n\tat org.testng.TestNG.run(TestNG.java:1017)\r\n\tat org.testng.remote.AbstractRemoteTestNG.run(AbstractRemoteTestNG.java:115)\r\n\tat org.testng.remote.RemoteTestNG.initAndRun(RemoteTestNG.java:251)\r\n\tat org.testng.remote.RemoteTestNG.main(RemoteTestNG.java:77)\r\n"},"stage":"finished","description":"","steps":[],"attachments":[],"parameters":[],"start":1563447858434,"stop":1563447859103}],"links":[],"start":1563447736422,"stop":1563447859326}