{"uuid":"958271cd-95c1-4e07-9a0f-d642b86a67fd","name":"xClubsys.MembershipAR","children":["426ed210-3ca4-429e-9b50-a1aa04536498","a4710cdf-2cd8-4ae8-ae29-ac83cc0f573a","369f7c7a-2237-4484-a8bc-21f858bbf05d","26446e29-f16a-49ef-8f19-b577ad55ae74","980ff4af-4494-4127-a5a0-7775d970627d","1e9cd442-fe3d-4895-a25c-ab3937fbbbbe","5a20c864-a312-4d7d-8c90-9f5308e83378","64989502-ce0a-4dca-8f5d-98fc2aec16e4","ddaac0c6-4ff7-4a96-97ab-a3adb385e690","834110c5-cd92-437a-bc05-a5f49e8a9393","a2ee1036-ba22-4faa-a74e-b1e80bbf440e","040105e4-0db8-4b38-8070-79b07d07a48c","93f01046-5b26-4fa2-8753-e51246affdf5","4ec83449-b6a6-4fed-a540-300dfa07caa5","73b6b19d-9aa9-49f5-bb95-2035365b484b","9d074e7a-6050-4e9e-ab3c-59de9378441f","a59eb245-56bf-4b98-9bb9-42f111d4795f","a48349de-a25a-415b-8124-615b9db29785","ce699d3e-039b-4d21-a3b6-225c29fa05a9"],"befores":[{"name":"setUp","status":"passed","stage":"finished","description":"","steps":[],"attachments":[],"parameters":[],"start":1563431103489,"stop":1563431130683}],"afters":[{"name":"tearDown","status":"failed","statusDetails":{"known":false,"muted":false,"flaky":false,"message":"java.lang.AssertionError: expected [Debit Note List] but found [Bank Payment]java.lang.AssertionError: expected [ALL] but found [CREDIT CARD]java.lang.AssertionError: expected [DRAFT] but found [GIRO]java.lang.AssertionError: expected [Debit Note List] but found [Credit Card Return]java.lang.AssertionError: expected [Credit Note List] but found [Import your debit notes]java.lang.AssertionError: expected [Credit Note List] but found [New Debit Note]java.lang.AssertionError: expected [Instalment List] but found [Member Penalty Fee]java.lang.AssertionError: expected [Instalment List] but found [Member Subscription Fee List]java.lang.AssertionError: expected [Member Subscription Fee List] but found [Posting GL History]java.lang.AssertionError: expected [Create Refund Transaction] but found [Adjustment Refundable Deposit]java.lang.AssertionError: expected [Create Refund Transaction] but found [New Repeating Debit Note]java.lang.AssertionError: expected [Create Refund Transaction] but found [New Credit Note]","trace":"java.lang.AssertionError: java.lang.AssertionError: expected [Debit Note List] but found [Bank Payment]java.lang.AssertionError: expected [ALL] but found [CREDIT CARD]java.lang.AssertionError: expected [DRAFT] but found [GIRO]java.lang.AssertionError: expected [Debit Note List] but found [Credit Card Return]java.lang.AssertionError: expected [Credit Note List] but found [Import your debit notes]java.lang.AssertionError: expected [Credit Note List] but found [New Debit Note]java.lang.AssertionError: expected [Instalment List] but found [Member Penalty Fee]java.lang.AssertionError: expected [Instalment List] but found [Member Subscription Fee List]java.lang.AssertionError: expected [Member Subscription Fee List] but found [Posting GL History]java.lang.AssertionError: expected [Create Refund Transaction] but found [Adjustment Refundable Deposit]java.lang.AssertionError: expected [Create Refund Transaction] but found [New Repeating Debit Note]java.lang.AssertionError: expected [Create Refund Transaction] but found [New Credit Note]\r\n\tat org.testng.Assert.fail(Assert.java:96)\r\n\tat xClubsys.MembershipAR.tearDown(MembershipAR.java:3773)\r\n\tat java.base/jdk.internal.reflect.NativeMethodAccessorImpl.invoke0(Native Method)\r\n\tat java.base/jdk.internal.reflect.NativeMethodAccessorImpl.invoke(NativeMethodAccessorImpl.java:62)\r\n\tat java.base/jdk.internal.reflect.DelegatingMethodAccessorImpl.invoke(DelegatingMethodAccessorImpl.java:43)\r\n\tat java.base/java.lang.reflect.Method.invoke(Method.java:566)\r\n\tat org.testng.internal.MethodInvocationHelper.invokeMethod(MethodInvocationHelper.java:124)\r\n\tat org.testng.internal.MethodInvocationHelper.invokeMethodConsideringTimeout(MethodInvocationHelper.java:59)\r\n\tat org.testng.internal.Invoker.invokeConfigurationMethod(Invoker.java:458)\r\n\tat org.testng.internal.Invoker.invokeConfigurations(Invoker.java:222)\r\n\tat org.testng.internal.Invoker.invokeConfigurations(Invoker.java:142)\r\n\tat org.testng.internal.TestMethodWorker.invokeAfterClassMethods(TestMethodWorker.java:214)\r\n\tat org.testng.internal.TestMethodWorker.run(TestMethodWorker.java:111)\r\n\tat org.testng.TestRunner.privateRun(TestRunner.java:648)\r\n\tat org.testng.TestRunner.run(TestRunner.java:505)\r\n\tat org.testng.SuiteRunner.runTest(SuiteRunner.java:455)\r\n\tat org.testng.SuiteRunner.runSequentially(SuiteRunner.java:450)\r\n\tat org.testng.SuiteRunner.privateRun(SuiteRunner.java:415)\r\n\tat org.testng.SuiteRunner.run(SuiteRunner.java:364)\r\n\tat org.testng.SuiteRunnerWorker.runSuite(SuiteRunnerWorker.java:52)\r\n\tat org.testng.SuiteRunnerWorker.run(SuiteRunnerWorker.java:84)\r\n\tat org.testng.TestNG.runSuitesSequentially(TestNG.java:1208)\r\n\tat org.testng.TestNG.runSuitesLocally(TestNG.java:1137)\r\n\tat org.testng.TestNG.runSuites(TestNG.java:1049)\r\n\tat org.testng.TestNG.run(TestNG.java:1017)\r\n\tat org.testng.remote.AbstractRemoteTestNG.run(AbstractRemoteTestNG.java:115)\r\n\tat org.testng.remote.RemoteTestNG.initAndRun(RemoteTestNG.java:251)\r\n\tat org.testng.remote.RemoteTestNG.main(RemoteTestNG.java:77)\r\n"},"stage":"finished","description":"","steps":[],"attachments":[],"parameters":[],"start":1563431224642,"stop":1563431225387}],"links":[],"start":1563431103409,"stop":1563431225730}