{"name":"tearDown","status":"failed","statusDetails":{"known":false,"muted":false,"flaky":false,"message":"java.lang.AssertionError: expected [Debit Note List] but found [Bank Payment]java.lang.AssertionError: expected [ALL] but found [CREDIT CARD]java.lang.AssertionError: expected [DRAFT] but found [GIRO]java.lang.AssertionError: expected [Debit Note List] but found [Credit Card Return]java.lang.AssertionError: expected [Credit Note List] but found [Import your debit notes]java.lang.AssertionError: expected [Credit Note List] but found [New Debit Note]java.lang.AssertionError: expected [Instalment List] but found [Member Penalty Fee]java.lang.AssertionError: expected [Instalment List] but found [Member Subscription Fee List]java.lang.AssertionError: expected [Member Subscription Fee List] but found [Posting GL History]java.lang.AssertionError: expected [Create Refund Transaction] but found [Adjustment Refundable Deposit]java.lang.AssertionError: expected [Create Refund Transaction] but found [New Repeating Debit Note]java.lang.AssertionError: expected [Create Refund Transaction] but found [New Credit Note]","trace":"java.lang.AssertionError: java.lang.AssertionError: expected [Debit Note List] but found [Bank Payment]java.lang.AssertionError: expected [ALL] but found [CREDIT CARD]java.lang.AssertionError: expected [DRAFT] but found [GIRO]java.lang.AssertionError: expected [Debit Note List] but found [Credit Card Return]java.lang.AssertionError: expected [Credit Note List] but found [Import your debit notes]java.lang.AssertionError: expected [Credit Note List] but found [New Debit Note]java.lang.AssertionError: expected [Instalment List] but found [Member Penalty Fee]java.lang.AssertionError: expected [Instalment List] but found [Member Subscription Fee List]java.lang.AssertionError: expected [Member Subscription Fee List] but found [Posting GL History]java.lang.AssertionError: expected [Create Refund Transaction] but found [Adjustment Refundable Deposit]java.lang.AssertionError: expected [Create Refund Transaction] but found [New Repeating Debit Note]java.lang.AssertionError: expected [Create Refund Transaction] but found [New Credit Note]\r\n\tat org.testng.Assert.fail(Assert.java:96)\r\n\tat xClubsys.MembershipAR.tearDown(MembershipAR.java:3773)\r\n\tat sun.reflect.NativeMethodAccessorImpl.invoke0(Native Method)\r\n\tat sun.reflect.NativeMethodAccessorImpl.invoke(NativeMethodAccessorImpl.java:62)\r\n\tat sun.reflect.DelegatingMethodAccessorImpl.invoke(DelegatingMethodAccessorImpl.java:43)\r\n\tat java.lang.reflect.Method.invoke(Method.java:498)\r\n\tat org.testng.internal.MethodInvocationHelper.invokeMethod(MethodInvocationHelper.java:124)\r\n\tat org.testng.internal.MethodInvocationHelper.invokeMethodConsideringTimeout(MethodInvocationHelper.java:59)\r\n\tat org.testng.internal.Invoker.invokeConfigurationMethod(Invoker.java:458)\r\n\tat org.testng.internal.Invoker.invokeConfigurations(Invoker.java:222)\r\n\tat org.testng.internal.Invoker.invokeConfigurations(Invoker.java:142)\r\n\tat org.testng.internal.TestMethodWorker.invokeAfterClassMethods(TestMethodWorker.java:214)\r\n\tat org.testng.internal.TestMethodWorker.run(TestMethodWorker.java:111)\r\n\tat org.testng.TestRunner.privateRun(TestRunner.java:648)\r\n\tat org.testng.TestRunner.run(TestRunner.java:505)\r\n\tat org.testng.SuiteRunner.runTest(SuiteRunner.java:455)\r\n\tat org.testng.SuiteRunner.runSequentially(SuiteRunner.java:450)\r\n\tat org.testng.SuiteRunner.privateRun(SuiteRunner.java:415)\r\n\tat org.testng.SuiteRunner.run(SuiteRunner.java:364)\r\n\tat org.testng.SuiteRunnerWorker.runSuite(SuiteRunnerWorker.java:52)\r\n\tat org.testng.SuiteRunnerWorker.run(SuiteRunnerWorker.java:84)\r\n\tat org.testng.TestNG.runSuitesSequentially(TestNG.java:1208)\r\n\tat org.testng.TestNG.runSuitesLocally(TestNG.java:1137)\r\n\tat org.testng.TestNG.runSuites(TestNG.java:1049)\r\n\tat org.testng.TestNG.run(TestNG.java:1017)\r\n\tat org.apache.maven.surefire.testng.TestNGExecutor.run(TestNGExecutor.java:135)\r\n\tat org.apache.maven.surefire.testng.TestNGDirectoryTestSuite.executeSingleClass(TestNGDirectoryTestSuite.java:112)\r\n\tat org.apache.maven.surefire.testng.TestNGDirectoryTestSuite.execute(TestNGDirectoryTestSuite.java:99)\r\n\tat org.apache.maven.surefire.testng.TestNGProvider.invoke(TestNGProvider.java:146)\r\n\tat org.apache.maven.surefire.booter.ForkedBooter.invokeProviderInSameClassLoader(ForkedBooter.java:384)\r\n\tat org.apache.maven.surefire.booter.ForkedBooter.runSuitesInProcess(ForkedBooter.java:345)\r\n\tat org.apache.maven.surefire.booter.ForkedBooter.execute(ForkedBooter.java:126)\r\n\tat org.apache.maven.surefire.booter.ForkedBooter.main(ForkedBooter.java:418)\r\n"},"stage":"finished","steps":[],"attachments":[],"parameters":[],"start":1563516665259,"stop":1563516665259,"uuid":"b6253326-3f1e-4c0c-8c69-4ec6aead56d7","historyId":"e1fc69124841b2cdc63cbd0f8af9bb8c","fullName":"xClubsys.MembershipAR.tearDown","labels":[{"name":"package","value":"xClubsys.MembershipAR"},{"name":"testClass","value":"xClubsys.MembershipAR"},{"name":"testMethod","value":"tearDown"},{"name":"parentSuite","value":"Surefire suite"},{"name":"suite","value":"Surefire test"},{"name":"subSuite","value":"xClubsys.MembershipAR"},{"name":"host","value":"DESKTOP-ECSMUSF"},{"name":"thread","value":"28476@DESKTOP-ECSMUSF.main(1)"},{"name":"framework","value":"testng"},{"name":"language","value":"java"}],"links":[]}