{"uuid":"f7cec236-5a93-43d4-9380-434724dd9565","name":"xClubsys.BankPayment","start":1563866327738,"stop":1563866359073,"children":["133ea184-8bed-4585-92bd-67d178f19c3b"],"befores":[{"name":"setUp","status":"passed","stage":"finished","description":"","start":1563866327758,"stop":1563866350035}],"afters":[{"name":"tearDown","status":"failed","statusDetails":{"known":false,"muted":false,"flaky":false,"message":"java.lang.AssertionError: expected [Debit Note List] but found [Bank Payment]","trace":"java.lang.AssertionError: java.lang.AssertionError: expected [Debit Note List] but found [Bank Payment]\r\n\tat org.testng.Assert.fail(Assert.java:94)\r\n\tat xClubsys.BankPayment.tearDown(BankPayment.java:139)\r\n\tat sun.reflect.NativeMethodAccessorImpl.invoke0(Native Method)\r\n\tat sun.reflect.NativeMethodAccessorImpl.invoke(NativeMethodAccessorImpl.java:62)\r\n\tat sun.reflect.DelegatingMethodAccessorImpl.invoke(DelegatingMethodAccessorImpl.java:43)\r\n\tat java.lang.reflect.Method.invoke(Method.java:498)\r\n\tat org.testng.internal.MethodInvocationHelper.invokeMethod(MethodInvocationHelper.java:100)\r\n\tat org.testng.internal.Invoker.invokeConfigurationMethod(Invoker.java:515)\r\n\tat org.testng.internal.Invoker.invokeConfigurations(Invoker.java:216)\r\n\tat org.testng.internal.Invoker.invokeConfigurations(Invoker.java:143)\r\n\tat org.testng.internal.TestMethodWorker.invokeAfterClassMethods(TestMethodWorker.java:217)\r\n\tat org.testng.internal.TestMethodWorker.run(TestMethodWorker.java:115)\r\n\tat org.testng.TestRunner.privateRun(TestRunner.java:753)\r\n\tat org.testng.TestRunner.run(TestRunner.java:607)\r\n\tat org.testng.SuiteRunner.runTest(SuiteRunner.java:368)\r\n\tat org.testng.SuiteRunner.runSequentially(SuiteRunner.java:363)\r\n\tat org.testng.SuiteRunner.privateRun(SuiteRunner.java:321)\r\n\tat org.testng.SuiteRunner.run(SuiteRunner.java:270)\r\n\tat org.testng.SuiteRunnerWorker.runSuite(SuiteRunnerWorker.java:52)\r\n\tat org.testng.SuiteRunnerWorker.run(SuiteRunnerWorker.java:86)\r\n\tat org.testng.TestNG.runSuitesSequentially(TestNG.java:1284)\r\n\tat org.testng.TestNG.runSuitesLocally(TestNG.java:1209)\r\n\tat org.testng.TestNG.runSuites(TestNG.java:1124)\r\n\tat org.testng.TestNG.run(TestNG.java:1096)\r\n\tat org.testng.remote.AbstractRemoteTestNG.run(AbstractRemoteTestNG.java:132)\r\n\tat org.testng.remote.RemoteTestNG.initAndRun(RemoteTestNG.java:236)\r\n\tat org.testng.remote.RemoteTestNG.main(RemoteTestNG.java:81)\r\n"},"stage":"finished","description":"","start":1563866358348,"stop":1563866359041}]}